2025-01-28T17:24:03.657+05:00  INFO 1004 --- [main] u.t.ecosystem.EcosystemApplication       : Starting EcosystemApplication using Java 21.0.4 with PID 1004 (C:\Projects\Ecosystem\ecosystem\target\classes started by 1 in C:\Projects\Ecosystem\ecosystem)
2025-01-28T17:24:03.659+05:00 DEBUG 1004 --- [main] u.t.ecosystem.EcosystemApplication       : Running with Spring Boot v3.4.2, Spring v6.2.2
2025-01-28T17:24:03.660+05:00  INFO 1004 --- [main] u.t.ecosystem.EcosystemApplication       : The following 1 profile is active: "dev"
2025-01-28T17:24:04.349+05:00  INFO 1004 --- [main] .s.d.r.c.RepositoryConfigurationDelegate : Bootstrapping Spring Data JPA repositories in DEFAULT mode.
2025-01-28T17:24:04.401+05:00  INFO 1004 --- [main] .s.d.r.c.RepositoryConfigurationDelegate : Finished Spring Data repository scanning in 44 ms. Found 1 JPA repository interface.
2025-01-28T17:24:04.817+05:00  INFO 1004 --- [main] o.s.b.w.embedded.tomcat.TomcatWebServer  : Tomcat initialized with port 8082 (http)
2025-01-28T17:24:04.827+05:00  INFO 1004 --- [main] o.apache.catalina.core.StandardService   : Starting service [Tomcat]
2025-01-28T17:24:04.828+05:00  INFO 1004 --- [main] o.apache.catalina.core.StandardEngine    : Starting Servlet engine: [Apache Tomcat/10.1.34]
2025-01-28T17:24:04.873+05:00  INFO 1004 --- [main] o.a.c.c.C.[Tomcat].[localhost].[/]       : Initializing Spring embedded WebApplicationContext
2025-01-28T17:24:04.873+05:00  INFO 1004 --- [main] w.s.c.ServletWebServerApplicationContext : Root WebApplicationContext: initialization completed in 1180 ms
2025-01-28T17:24:04.981+05:00  INFO 1004 --- [main] o.hibernate.jpa.internal.util.LogHelper  : HHH000204: Processing PersistenceUnitInfo [name: default]
2025-01-28T17:24:05.033+05:00  INFO 1004 --- [main] org.hibernate.Version                    : HHH000412: Hibernate ORM core version 6.6.5.Final
2025-01-28T17:24:05.072+05:00  INFO 1004 --- [main] o.h.c.internal.RegionFactoryInitiator    : HHH000026: Second-level cache disabled
2025-01-28T17:24:05.312+05:00  INFO 1004 --- [main] o.s.o.j.p.SpringPersistenceUnitInfo      : No LoadTimeWeaver setup: ignoring JPA class transformer
2025-01-28T17:24:05.337+05:00  INFO 1004 --- [main] com.zaxxer.hikari.HikariDataSource       : HikariPool-1 - Starting...
2025-01-28T17:24:05.435+05:00  INFO 1004 --- [main] com.zaxxer.hikari.pool.HikariPool        : HikariPool-1 - Added connection org.postgresql.jdbc.PgConnection@5432dca2
2025-01-28T17:24:05.437+05:00  INFO 1004 --- [main] com.zaxxer.hikari.HikariDataSource       : HikariPool-1 - Start completed.
2025-01-28T17:24:05.497+05:00  INFO 1004 --- [main] org.hibernate.orm.connections.pooling    : HHH10001005: Database info:
	Database JDBC URL [Connecting through datasource 'HikariDataSource (HikariPool-1)']
	Database driver: undefined/unknown
	Database version: 12.5
	Autocommit mode: undefined/unknown
	Isolation level: undefined/unknown
	Minimum pool size: undefined/unknown
	Maximum pool size: undefined/unknown
2025-01-28T17:24:06.214+05:00  INFO 1004 --- [main] o.h.e.t.j.p.i.JtaPlatformInitiator       : HHH000489: No JTA platform available (set 'hibernate.transaction.jta.platform' to enable JTA platform integration)
2025-01-28T17:24:06.298+05:00  WARN 1004 --- [main] o.h.engine.jdbc.spi.SqlExceptionHelper   : SQL Warning Code: 0, SQLState: 00000
2025-01-28T17:24:06.298+05:00  WARN 1004 --- [main] o.h.engine.jdbc.spi.SqlExceptionHelper   : ограничение "uk9d3wgtts126kg64e415t9ojl1" в таблице "users" не существует, пропускается
2025-01-28T17:24:06.302+05:00  WARN 1004 --- [main] o.h.engine.jdbc.spi.SqlExceptionHelper   : SQL Warning Code: 0, SQLState: 00000
2025-01-28T17:24:06.302+05:00  WARN 1004 --- [main] o.h.engine.jdbc.spi.SqlExceptionHelper   : ограничение "ukr43af9ap4edm43mmtq01oddj6" в таблице "users" не существует, пропускается
2025-01-28T17:24:06.306+05:00  INFO 1004 --- [main] j.LocalContainerEntityManagerFactoryBean : Initialized JPA EntityManagerFactory for persistence unit 'default'
2025-01-28T17:24:06.618+05:00  INFO 1004 --- [main] eAuthenticationProviderManagerConfigurer : Global AuthenticationManager configured with AuthenticationProvider bean with name authenticationProvider
2025-01-28T17:24:06.622+05:00  WARN 1004 --- [main] r$InitializeUserDetailsManagerConfigurer : Global AuthenticationManager configured with an AuthenticationProvider bean. UserDetailsService beans will not be used by Spring Security for automatically configuring username/password login. Consider removing the AuthenticationProvider bean. Alternatively, consider using the UserDetailsService in a manually instantiated DaoAuthenticationProvider. If the current configuration is intentional, to turn off this warning, increase the logging level of 'org.springframework.security.config.annotation.authentication.configuration.InitializeUserDetailsBeanManagerConfigurer' to ERROR
2025-01-28T17:24:06.662+05:00 DEBUG 1004 --- [main] u.t.e.security.JwtAuthenticationFilter   : Filter 'jwtAuthenticationFilter' configured for use
2025-01-28T17:24:07.070+05:00  INFO 1004 --- [main] o.s.v.b.OptionalValidatorFactoryBean     : Failed to set up a Bean Validation provider: jakarta.validation.NoProviderFoundException: Unable to create a Configuration, because no Jakarta Bean Validation provider could be found. Add a provider like Hibernate Validator (RI) to your classpath.
2025-01-28T17:24:07.329+05:00  INFO 1004 --- [main] o.s.b.w.embedded.tomcat.TomcatWebServer  : Tomcat started on port 8082 (http) with context path '/'
2025-01-28T17:24:07.336+05:00  INFO 1004 --- [main] u.t.ecosystem.EcosystemApplication       : Started EcosystemApplication in 4.05 seconds (process running for 4.666)
2025-01-28T17:24:16.534+05:00  INFO 1004 --- [SpringApplicationShutdownHook] o.s.b.w.e.tomcat.GracefulShutdown        : Commencing graceful shutdown. Waiting for active requests to complete
2025-01-28T17:24:16.538+05:00  INFO 1004 --- [tomcat-shutdown] o.s.b.w.e.tomcat.GracefulShutdown        : Graceful shutdown complete
2025-01-28T17:24:16.543+05:00  INFO 1004 --- [SpringApplicationShutdownHook] j.LocalContainerEntityManagerFactoryBean : Closing JPA EntityManagerFactory for persistence unit 'default'
2025-01-28T17:24:16.544+05:00  INFO 1004 --- [SpringApplicationShutdownHook] com.zaxxer.hikari.HikariDataSource       : HikariPool-1 - Shutdown initiated...
2025-01-28T17:24:16.548+05:00  INFO 1004 --- [SpringApplicationShutdownHook] com.zaxxer.hikari.HikariDataSource       : HikariPool-1 - Shutdown completed.
2025-01-28T17:24:19.339+05:00  INFO 1356 --- [main] u.t.ecosystem.EcosystemApplication       : Starting EcosystemApplication using Java 21.0.4 with PID 1356 (C:\Projects\Ecosystem\ecosystem\target\classes started by 1 in C:\Projects\Ecosystem\ecosystem)
2025-01-28T17:24:19.341+05:00 DEBUG 1356 --- [main] u.t.ecosystem.EcosystemApplication       : Running with Spring Boot v3.4.2, Spring v6.2.2
2025-01-28T17:24:19.341+05:00  INFO 1356 --- [main] u.t.ecosystem.EcosystemApplication       : The following 1 profile is active: "dev"
2025-01-28T17:24:19.993+05:00  INFO 1356 --- [main] .s.d.r.c.RepositoryConfigurationDelegate : Bootstrapping Spring Data JPA repositories in DEFAULT mode.
2025-01-28T17:24:20.043+05:00  INFO 1356 --- [main] .s.d.r.c.RepositoryConfigurationDelegate : Finished Spring Data repository scanning in 43 ms. Found 1 JPA repository interface.
2025-01-28T17:24:20.471+05:00  INFO 1356 --- [main] o.s.b.w.embedded.tomcat.TomcatWebServer  : Tomcat initialized with port 8082 (http)
2025-01-28T17:24:20.482+05:00  INFO 1356 --- [main] o.apache.catalina.core.StandardService   : Starting service [Tomcat]
2025-01-28T17:24:20.483+05:00  INFO 1356 --- [main] o.apache.catalina.core.StandardEngine    : Starting Servlet engine: [Apache Tomcat/10.1.34]
2025-01-28T17:24:20.528+05:00  INFO 1356 --- [main] o.a.c.c.C.[Tomcat].[localhost].[/]       : Initializing Spring embedded WebApplicationContext
2025-01-28T17:24:20.528+05:00  INFO 1356 --- [main] w.s.c.ServletWebServerApplicationContext : Root WebApplicationContext: initialization completed in 1154 ms
2025-01-28T17:24:20.625+05:00  INFO 1356 --- [main] o.hibernate.jpa.internal.util.LogHelper  : HHH000204: Processing PersistenceUnitInfo [name: default]
2025-01-28T17:24:20.671+05:00  INFO 1356 --- [main] org.hibernate.Version                    : HHH000412: Hibernate ORM core version 6.6.5.Final
2025-01-28T17:24:20.713+05:00  INFO 1356 --- [main] o.h.c.internal.RegionFactoryInitiator    : HHH000026: Second-level cache disabled
2025-01-28T17:24:20.948+05:00  INFO 1356 --- [main] o.s.o.j.p.SpringPersistenceUnitInfo      : No LoadTimeWeaver setup: ignoring JPA class transformer
2025-01-28T17:24:20.973+05:00  INFO 1356 --- [main] com.zaxxer.hikari.HikariDataSource       : HikariPool-1 - Starting...
2025-01-28T17:24:21.070+05:00  INFO 1356 --- [main] com.zaxxer.hikari.pool.HikariPool        : HikariPool-1 - Added connection org.postgresql.jdbc.PgConnection@6dc2279c
2025-01-28T17:24:21.071+05:00  INFO 1356 --- [main] com.zaxxer.hikari.HikariDataSource       : HikariPool-1 - Start completed.
2025-01-28T17:24:21.127+05:00  INFO 1356 --- [main] org.hibernate.orm.connections.pooling    : HHH10001005: Database info:
	Database JDBC URL [Connecting through datasource 'HikariDataSource (HikariPool-1)']
	Database driver: undefined/unknown
	Database version: 12.5
	Autocommit mode: undefined/unknown
	Isolation level: undefined/unknown
	Minimum pool size: undefined/unknown
	Maximum pool size: undefined/unknown
2025-01-28T17:24:21.846+05:00  INFO 1356 --- [main] o.h.e.t.j.p.i.JtaPlatformInitiator       : HHH000489: No JTA platform available (set 'hibernate.transaction.jta.platform' to enable JTA platform integration)
2025-01-28T17:24:21.890+05:00  INFO 1356 --- [main] j.LocalContainerEntityManagerFactoryBean : Initialized JPA EntityManagerFactory for persistence unit 'default'
2025-01-28T17:24:22.179+05:00  INFO 1356 --- [main] eAuthenticationProviderManagerConfigurer : Global AuthenticationManager configured with AuthenticationProvider bean with name authenticationProvider
2025-01-28T17:24:22.180+05:00  WARN 1356 --- [main] r$InitializeUserDetailsManagerConfigurer : Global AuthenticationManager configured with an AuthenticationProvider bean. UserDetailsService beans will not be used by Spring Security for automatically configuring username/password login. Consider removing the AuthenticationProvider bean. Alternatively, consider using the UserDetailsService in a manually instantiated DaoAuthenticationProvider. If the current configuration is intentional, to turn off this warning, increase the logging level of 'org.springframework.security.config.annotation.authentication.configuration.InitializeUserDetailsBeanManagerConfigurer' to ERROR
2025-01-28T17:24:22.217+05:00 DEBUG 1356 --- [main] u.t.e.security.JwtAuthenticationFilter   : Filter 'jwtAuthenticationFilter' configured for use
2025-01-28T17:24:22.645+05:00  INFO 1356 --- [main] o.s.v.b.OptionalValidatorFactoryBean     : Failed to set up a Bean Validation provider: jakarta.validation.NoProviderFoundException: Unable to create a Configuration, because no Jakarta Bean Validation provider could be found. Add a provider like Hibernate Validator (RI) to your classpath.
2025-01-28T17:24:22.896+05:00  INFO 1356 --- [main] o.s.b.w.embedded.tomcat.TomcatWebServer  : Tomcat started on port 8082 (http) with context path '/'
2025-01-28T17:24:22.902+05:00  INFO 1356 --- [main] u.t.ecosystem.EcosystemApplication       : Started EcosystemApplication in 3.928 seconds (process running for 4.461)
2025-01-28T17:25:33.328+05:00  INFO 1356 --- [SpringApplicationShutdownHook] o.s.b.w.e.tomcat.GracefulShutdown        : Commencing graceful shutdown. Waiting for active requests to complete
2025-01-28T17:25:33.331+05:00  INFO 1356 --- [tomcat-shutdown] o.s.b.w.e.tomcat.GracefulShutdown        : Graceful shutdown complete
2025-01-28T17:25:33.335+05:00  INFO 1356 --- [SpringApplicationShutdownHook] j.LocalContainerEntityManagerFactoryBean : Closing JPA EntityManagerFactory for persistence unit 'default'
2025-01-28T17:25:33.336+05:00  INFO 1356 --- [SpringApplicationShutdownHook] com.zaxxer.hikari.HikariDataSource       : HikariPool-1 - Shutdown initiated...
2025-01-28T17:25:33.339+05:00  INFO 1356 --- [SpringApplicationShutdownHook] com.zaxxer.hikari.HikariDataSource       : HikariPool-1 - Shutdown completed.
