<<<<<<< HEAD
2025-02-10T11:09:59.144+05:00  INFO 1520 --- [main] u.t.ecosystem.EcosystemApplication       : Starting EcosystemApplication using Java 21.0.4 with PID 1520 (C:\Projects\Ecosystem\ecosystem\target\classes started by 1 in C:\Projects\Ecosystem\ecosystem)
2025-02-10T11:09:59.148+05:00 DEBUG 1520 --- [main] u.t.ecosystem.EcosystemApplication       : Running with Spring Boot v3.4.2, Spring v6.2.2
2025-02-10T11:09:59.149+05:00  INFO 1520 --- [main] u.t.ecosystem.EcosystemApplication       : The following 1 profile is active: "dev"
2025-02-10T11:09:59.963+05:00  INFO 1520 --- [main] .s.d.r.c.RepositoryConfigurationDelegate : Bootstrapping Spring Data JPA repositories in DEFAULT mode.
2025-02-10T11:10:00.035+05:00  INFO 1520 --- [main] .s.d.r.c.RepositoryConfigurationDelegate : Finished Spring Data repository scanning in 63 ms. Found 2 JPA repository interfaces.
2025-02-10T11:10:00.612+05:00  INFO 1520 --- [main] o.s.b.w.embedded.tomcat.TomcatWebServer  : Tomcat initialized with port 8082 (http)
2025-02-10T11:10:00.630+05:00  INFO 1520 --- [main] o.apache.catalina.core.StandardService   : Starting service [Tomcat]
2025-02-10T11:10:00.630+05:00  INFO 1520 --- [main] o.apache.catalina.core.StandardEngine    : Starting Servlet engine: [Apache Tomcat/10.1.34]
2025-02-10T11:10:00.705+05:00  INFO 1520 --- [main] o.a.c.c.C.[Tomcat].[localhost].[/]       : Initializing Spring embedded WebApplicationContext
2025-02-10T11:10:00.705+05:00  INFO 1520 --- [main] w.s.c.ServletWebServerApplicationContext : Root WebApplicationContext: initialization completed in 1510 ms
2025-02-10T11:10:00.844+05:00  INFO 1520 --- [main] o.hibernate.jpa.internal.util.LogHelper  : HHH000204: Processing PersistenceUnitInfo [name: default]
2025-02-10T11:10:00.925+05:00  INFO 1520 --- [main] org.hibernate.Version                    : HHH000412: Hibernate ORM core version 6.6.5.Final
2025-02-10T11:10:00.964+05:00  INFO 1520 --- [main] o.h.c.internal.RegionFactoryInitiator    : HHH000026: Second-level cache disabled
2025-02-10T11:10:01.270+05:00  INFO 1520 --- [main] o.s.o.j.p.SpringPersistenceUnitInfo      : No LoadTimeWeaver setup: ignoring JPA class transformer
2025-02-10T11:10:01.302+05:00  INFO 1520 --- [main] com.zaxxer.hikari.HikariDataSource       : HikariPool-1 - Starting...
2025-02-10T11:10:01.472+05:00  INFO 1520 --- [main] com.zaxxer.hikari.pool.HikariPool        : HikariPool-1 - Added connection org.postgresql.jdbc.PgConnection@61d011e
2025-02-10T11:10:01.474+05:00  INFO 1520 --- [main] com.zaxxer.hikari.HikariDataSource       : HikariPool-1 - Start completed.
=======
2025-02-10T11:09:59.144+05:00  INFO 1520 --- [main] u.t.ecosystem.EcosystemApplication       : Starting EcosystemApplication using Java 21.0.4 with PID 1520 (C:\Projects\Ecosystem\ecosystem\target\classes started by 1 in C:\Projects\Ecosystem\ecosystem)
2025-02-10T11:09:59.148+05:00 DEBUG 1520 --- [main] u.t.ecosystem.EcosystemApplication       : Running with Spring Boot v3.4.2, Spring v6.2.2
2025-02-10T11:09:59.149+05:00  INFO 1520 --- [main] u.t.ecosystem.EcosystemApplication       : The following 1 profile is active: "dev"
2025-02-10T11:09:59.963+05:00  INFO 1520 --- [main] .s.d.r.c.RepositoryConfigurationDelegate : Bootstrapping Spring Data JPA repositories in DEFAULT mode.
2025-02-10T11:10:00.035+05:00  INFO 1520 --- [main] .s.d.r.c.RepositoryConfigurationDelegate : Finished Spring Data repository scanning in 63 ms. Found 2 JPA repository interfaces.
2025-02-10T11:10:00.612+05:00  INFO 1520 --- [main] o.s.b.w.embedded.tomcat.TomcatWebServer  : Tomcat initialized with port 8082 (http)
2025-02-10T11:10:00.630+05:00  INFO 1520 --- [main] o.apache.catalina.core.StandardService   : Starting service [Tomcat]
2025-02-10T11:10:00.630+05:00  INFO 1520 --- [main] o.apache.catalina.core.StandardEngine    : Starting Servlet engine: [Apache Tomcat/10.1.34]
2025-02-10T11:10:00.705+05:00  INFO 1520 --- [main] o.a.c.c.C.[Tomcat].[localhost].[/]       : Initializing Spring embedded WebApplicationContext
2025-02-10T11:10:00.705+05:00  INFO 1520 --- [main] w.s.c.ServletWebServerApplicationContext : Root WebApplicationContext: initialization completed in 1510 ms
2025-02-10T11:10:00.844+05:00  INFO 1520 --- [main] o.hibernate.jpa.internal.util.LogHelper  : HHH000204: Processing PersistenceUnitInfo [name: default]
2025-02-10T11:10:00.925+05:00  INFO 1520 --- [main] org.hibernate.Version                    : HHH000412: Hibernate ORM core version 6.6.5.Final
2025-02-10T11:10:00.964+05:00  INFO 1520 --- [main] o.h.c.internal.RegionFactoryInitiator    : HHH000026: Second-level cache disabled
2025-02-10T11:10:01.270+05:00  INFO 1520 --- [main] o.s.o.j.p.SpringPersistenceUnitInfo      : No LoadTimeWeaver setup: ignoring JPA class transformer
2025-02-10T11:10:01.302+05:00  INFO 1520 --- [main] com.zaxxer.hikari.HikariDataSource       : HikariPool-1 - Starting...
2025-02-10T11:10:01.472+05:00  INFO 1520 --- [main] com.zaxxer.hikari.pool.HikariPool        : HikariPool-1 - Added connection org.postgresql.jdbc.PgConnection@61d011e
2025-02-10T11:10:01.474+05:00  INFO 1520 --- [main] com.zaxxer.hikari.HikariDataSource       : HikariPool-1 - Start completed.
>>>>>>> 464fb11e5f6347317611898bb9588faa008751e7
2025-02-10T11:10:01.578+05:00  INFO 1520 --- [main] org.hibernate.orm.connections.pooling    : HHH10001005: Database info:
	Database JDBC URL [Connecting through datasource 'HikariDataSource (HikariPool-1)']
	Database driver: undefined/unknown
	Database version: 12.5
	Autocommit mode: undefined/unknown
	Isolation level: undefined/unknown
	Minimum pool size: undefined/unknown
<<<<<<< HEAD
	Maximum pool size: undefined/unknown
2025-02-10T11:10:02.656+05:00  INFO 1520 --- [main] o.h.e.t.j.p.i.JtaPlatformInitiator       : HHH000489: No JTA platform available (set 'hibernate.transaction.jta.platform' to enable JTA platform integration)
2025-02-10T11:10:02.795+05:00  WARN 1520 --- [main] o.h.engine.jdbc.spi.SqlExceptionHelper   : SQL Warning Code: 0, SQLState: 00000
2025-02-10T11:10:02.795+05:00  WARN 1520 --- [main] o.h.engine.jdbc.spi.SqlExceptionHelper   : ограничение "ukkvkg405mr04cjytv1tuyh7ryr" в таблице "district" не существует, пропускается
2025-02-10T11:10:02.799+05:00  WARN 1520 --- [main] o.h.engine.jdbc.spi.SqlExceptionHelper   : SQL Warning Code: 0, SQLState: 00000
2025-02-10T11:10:02.799+05:00  WARN 1520 --- [main] o.h.engine.jdbc.spi.SqlExceptionHelper   : ограничение "uka9jjk721g8e03vhvwrmb8qye" в таблице "district" не существует, пропускается
2025-02-10T11:10:02.802+05:00  WARN 1520 --- [main] o.h.engine.jdbc.spi.SqlExceptionHelper   : SQL Warning Code: 0, SQLState: 00000
2025-02-10T11:10:02.802+05:00  WARN 1520 --- [main] o.h.engine.jdbc.spi.SqlExceptionHelper   : ограничение "ukauyh4vy3an5v9paer08e6xfnx" в таблице "office" не существует, пропускается
2025-02-10T11:10:02.805+05:00  WARN 1520 --- [main] o.h.engine.jdbc.spi.SqlExceptionHelper   : SQL Warning Code: 0, SQLState: 00000
2025-02-10T11:10:02.806+05:00  WARN 1520 --- [main] o.h.engine.jdbc.spi.SqlExceptionHelper   : ограничение "ukixr2itih2n9q41fv3qx6mbkrp" в таблице "region" не существует, пропускается
2025-02-10T11:10:02.808+05:00  WARN 1520 --- [main] o.h.engine.jdbc.spi.SqlExceptionHelper   : SQL Warning Code: 0, SQLState: 00000
2025-02-10T11:10:02.809+05:00  WARN 1520 --- [main] o.h.engine.jdbc.spi.SqlExceptionHelper   : ограничение "ukcj4sa4loqa6awdhpgw59ctt8v" в таблице "region" не существует, пропускается
2025-02-10T11:10:02.825+05:00  INFO 1520 --- [main] j.LocalContainerEntityManagerFactoryBean : Initialized JPA EntityManagerFactory for persistence unit 'default'
2025-02-10T11:10:03.194+05:00  INFO 1520 --- [main] eAuthenticationProviderManagerConfigurer : Global AuthenticationManager configured with AuthenticationProvider bean with name authenticationProvider
2025-02-10T11:10:03.195+05:00  WARN 1520 --- [main] r$InitializeUserDetailsManagerConfigurer : Global AuthenticationManager configured with an AuthenticationProvider bean. UserDetailsService beans will not be used by Spring Security for automatically configuring username/password login. Consider removing the AuthenticationProvider bean. Alternatively, consider using the UserDetailsService in a manually instantiated DaoAuthenticationProvider. If the current configuration is intentional, to turn off this warning, increase the logging level of 'org.springframework.security.config.annotation.authentication.configuration.InitializeUserDetailsBeanManagerConfigurer' to ERROR
2025-02-10T11:10:03.283+05:00 DEBUG 1520 --- [main] u.t.e.security.JwtAuthenticationFilter   : Filter 'jwtAuthenticationFilter' configured for use
2025-02-10T11:10:03.765+05:00  INFO 1520 --- [main] o.s.v.b.OptionalValidatorFactoryBean     : Failed to set up a Bean Validation provider: jakarta.validation.NoProviderFoundException: Unable to create a Configuration, because no Jakarta Bean Validation provider could be found. Add a provider like Hibernate Validator (RI) to your classpath.
2025-02-10T11:10:04.086+05:00  INFO 1520 --- [main] o.s.b.w.embedded.tomcat.TomcatWebServer  : Tomcat started on port 8082 (http) with context path '/'
2025-02-10T11:10:04.100+05:00  INFO 1520 --- [main] u.t.ecosystem.EcosystemApplication       : Started EcosystemApplication in 5.484 seconds (process running for 6.792)
2025-02-10T11:23:09.604+05:00  INFO 1520 --- [SpringApplicationShutdownHook] o.s.b.w.e.tomcat.GracefulShutdown        : Commencing graceful shutdown. Waiting for active requests to complete
2025-02-10T11:23:09.608+05:00  INFO 1520 --- [tomcat-shutdown] o.s.b.w.e.tomcat.GracefulShutdown        : Graceful shutdown complete
2025-02-10T11:23:09.612+05:00  INFO 1520 --- [SpringApplicationShutdownHook] j.LocalContainerEntityManagerFactoryBean : Closing JPA EntityManagerFactory for persistence unit 'default'
2025-02-10T11:23:09.614+05:00  INFO 1520 --- [SpringApplicationShutdownHook] com.zaxxer.hikari.HikariDataSource       : HikariPool-1 - Shutdown initiated...
2025-02-10T11:23:09.616+05:00  INFO 1520 --- [SpringApplicationShutdownHook] com.zaxxer.hikari.HikariDataSource       : HikariPool-1 - Shutdown completed.
2025-02-10T11:23:25.410+05:00  INFO 7584 --- [main] u.t.ecosystem.EcosystemApplication       : Starting EcosystemApplication using Java 21.0.4 with PID 7584 (C:\Projects\Ecosystem\ecosystem\target\classes started by 1 in C:\Projects\Ecosystem\ecosystem)
2025-02-10T11:23:25.412+05:00 DEBUG 7584 --- [main] u.t.ecosystem.EcosystemApplication       : Running with Spring Boot v3.4.2, Spring v6.2.2
2025-02-10T11:23:25.412+05:00  INFO 7584 --- [main] u.t.ecosystem.EcosystemApplication       : The following 1 profile is active: "dev"
2025-02-10T11:23:26.097+05:00  INFO 7584 --- [main] .s.d.r.c.RepositoryConfigurationDelegate : Bootstrapping Spring Data JPA repositories in DEFAULT mode.
2025-02-10T11:23:26.162+05:00  INFO 7584 --- [main] .s.d.r.c.RepositoryConfigurationDelegate : Finished Spring Data repository scanning in 58 ms. Found 6 JPA repository interfaces.
2025-02-10T11:23:26.595+05:00  INFO 7584 --- [main] o.s.b.w.embedded.tomcat.TomcatWebServer  : Tomcat initialized with port 8082 (http)
2025-02-10T11:23:26.606+05:00  INFO 7584 --- [main] o.apache.catalina.core.StandardService   : Starting service [Tomcat]
2025-02-10T11:23:26.606+05:00  INFO 7584 --- [main] o.apache.catalina.core.StandardEngine    : Starting Servlet engine: [Apache Tomcat/10.1.34]
2025-02-10T11:23:26.652+05:00  INFO 7584 --- [main] o.a.c.c.C.[Tomcat].[localhost].[/]       : Initializing Spring embedded WebApplicationContext
2025-02-10T11:23:26.653+05:00  INFO 7584 --- [main] w.s.c.ServletWebServerApplicationContext : Root WebApplicationContext: initialization completed in 1207 ms
2025-02-10T11:23:26.769+05:00  INFO 7584 --- [main] o.hibernate.jpa.internal.util.LogHelper  : HHH000204: Processing PersistenceUnitInfo [name: default]
2025-02-10T11:23:26.820+05:00  INFO 7584 --- [main] org.hibernate.Version                    : HHH000412: Hibernate ORM core version 6.6.5.Final
2025-02-10T11:23:26.852+05:00  INFO 7584 --- [main] o.h.c.internal.RegionFactoryInitiator    : HHH000026: Second-level cache disabled
2025-02-10T11:23:27.084+05:00  INFO 7584 --- [main] o.s.o.j.p.SpringPersistenceUnitInfo      : No LoadTimeWeaver setup: ignoring JPA class transformer
2025-02-10T11:23:27.107+05:00  INFO 7584 --- [main] com.zaxxer.hikari.HikariDataSource       : HikariPool-1 - Starting...
2025-02-10T11:23:27.207+05:00  INFO 7584 --- [main] com.zaxxer.hikari.pool.HikariPool        : HikariPool-1 - Added connection org.postgresql.jdbc.PgConnection@194037f9
2025-02-10T11:23:27.209+05:00  INFO 7584 --- [main] com.zaxxer.hikari.HikariDataSource       : HikariPool-1 - Start completed.
=======
	Maximum pool size: undefined/unknown
2025-02-10T11:10:02.656+05:00  INFO 1520 --- [main] o.h.e.t.j.p.i.JtaPlatformInitiator       : HHH000489: No JTA platform available (set 'hibernate.transaction.jta.platform' to enable JTA platform integration)
2025-02-10T11:10:02.795+05:00  WARN 1520 --- [main] o.h.engine.jdbc.spi.SqlExceptionHelper   : SQL Warning Code: 0, SQLState: 00000
2025-02-10T11:10:02.795+05:00  WARN 1520 --- [main] o.h.engine.jdbc.spi.SqlExceptionHelper   : ограничение "ukkvkg405mr04cjytv1tuyh7ryr" в таблице "district" не существует, пропускается
2025-02-10T11:10:02.799+05:00  WARN 1520 --- [main] o.h.engine.jdbc.spi.SqlExceptionHelper   : SQL Warning Code: 0, SQLState: 00000
2025-02-10T11:10:02.799+05:00  WARN 1520 --- [main] o.h.engine.jdbc.spi.SqlExceptionHelper   : ограничение "uka9jjk721g8e03vhvwrmb8qye" в таблице "district" не существует, пропускается
2025-02-10T11:10:02.802+05:00  WARN 1520 --- [main] o.h.engine.jdbc.spi.SqlExceptionHelper   : SQL Warning Code: 0, SQLState: 00000
2025-02-10T11:10:02.802+05:00  WARN 1520 --- [main] o.h.engine.jdbc.spi.SqlExceptionHelper   : ограничение "ukauyh4vy3an5v9paer08e6xfnx" в таблице "office" не существует, пропускается
2025-02-10T11:10:02.805+05:00  WARN 1520 --- [main] o.h.engine.jdbc.spi.SqlExceptionHelper   : SQL Warning Code: 0, SQLState: 00000
2025-02-10T11:10:02.806+05:00  WARN 1520 --- [main] o.h.engine.jdbc.spi.SqlExceptionHelper   : ограничение "ukixr2itih2n9q41fv3qx6mbkrp" в таблице "region" не существует, пропускается
2025-02-10T11:10:02.808+05:00  WARN 1520 --- [main] o.h.engine.jdbc.spi.SqlExceptionHelper   : SQL Warning Code: 0, SQLState: 00000
2025-02-10T11:10:02.809+05:00  WARN 1520 --- [main] o.h.engine.jdbc.spi.SqlExceptionHelper   : ограничение "ukcj4sa4loqa6awdhpgw59ctt8v" в таблице "region" не существует, пропускается
2025-02-10T11:10:02.825+05:00  INFO 1520 --- [main] j.LocalContainerEntityManagerFactoryBean : Initialized JPA EntityManagerFactory for persistence unit 'default'
2025-02-10T11:10:03.194+05:00  INFO 1520 --- [main] eAuthenticationProviderManagerConfigurer : Global AuthenticationManager configured with AuthenticationProvider bean with name authenticationProvider
2025-02-10T11:10:03.195+05:00  WARN 1520 --- [main] r$InitializeUserDetailsManagerConfigurer : Global AuthenticationManager configured with an AuthenticationProvider bean. UserDetailsService beans will not be used by Spring Security for automatically configuring username/password login. Consider removing the AuthenticationProvider bean. Alternatively, consider using the UserDetailsService in a manually instantiated DaoAuthenticationProvider. If the current configuration is intentional, to turn off this warning, increase the logging level of 'org.springframework.security.config.annotation.authentication.configuration.InitializeUserDetailsBeanManagerConfigurer' to ERROR
2025-02-10T11:10:03.283+05:00 DEBUG 1520 --- [main] u.t.e.security.JwtAuthenticationFilter   : Filter 'jwtAuthenticationFilter' configured for use
2025-02-10T11:10:03.765+05:00  INFO 1520 --- [main] o.s.v.b.OptionalValidatorFactoryBean     : Failed to set up a Bean Validation provider: jakarta.validation.NoProviderFoundException: Unable to create a Configuration, because no Jakarta Bean Validation provider could be found. Add a provider like Hibernate Validator (RI) to your classpath.
2025-02-10T11:10:04.086+05:00  INFO 1520 --- [main] o.s.b.w.embedded.tomcat.TomcatWebServer  : Tomcat started on port 8082 (http) with context path '/'
2025-02-10T11:10:04.100+05:00  INFO 1520 --- [main] u.t.ecosystem.EcosystemApplication       : Started EcosystemApplication in 5.484 seconds (process running for 6.792)
2025-02-10T11:23:09.604+05:00  INFO 1520 --- [SpringApplicationShutdownHook] o.s.b.w.e.tomcat.GracefulShutdown        : Commencing graceful shutdown. Waiting for active requests to complete
2025-02-10T11:23:09.608+05:00  INFO 1520 --- [tomcat-shutdown] o.s.b.w.e.tomcat.GracefulShutdown        : Graceful shutdown complete
2025-02-10T11:23:09.612+05:00  INFO 1520 --- [SpringApplicationShutdownHook] j.LocalContainerEntityManagerFactoryBean : Closing JPA EntityManagerFactory for persistence unit 'default'
2025-02-10T11:23:09.614+05:00  INFO 1520 --- [SpringApplicationShutdownHook] com.zaxxer.hikari.HikariDataSource       : HikariPool-1 - Shutdown initiated...
2025-02-10T11:23:09.616+05:00  INFO 1520 --- [SpringApplicationShutdownHook] com.zaxxer.hikari.HikariDataSource       : HikariPool-1 - Shutdown completed.
2025-02-10T11:23:25.410+05:00  INFO 7584 --- [main] u.t.ecosystem.EcosystemApplication       : Starting EcosystemApplication using Java 21.0.4 with PID 7584 (C:\Projects\Ecosystem\ecosystem\target\classes started by 1 in C:\Projects\Ecosystem\ecosystem)
2025-02-10T11:23:25.412+05:00 DEBUG 7584 --- [main] u.t.ecosystem.EcosystemApplication       : Running with Spring Boot v3.4.2, Spring v6.2.2
2025-02-10T11:23:25.412+05:00  INFO 7584 --- [main] u.t.ecosystem.EcosystemApplication       : The following 1 profile is active: "dev"
2025-02-10T11:23:26.097+05:00  INFO 7584 --- [main] .s.d.r.c.RepositoryConfigurationDelegate : Bootstrapping Spring Data JPA repositories in DEFAULT mode.
2025-02-10T11:23:26.162+05:00  INFO 7584 --- [main] .s.d.r.c.RepositoryConfigurationDelegate : Finished Spring Data repository scanning in 58 ms. Found 6 JPA repository interfaces.
2025-02-10T11:23:26.595+05:00  INFO 7584 --- [main] o.s.b.w.embedded.tomcat.TomcatWebServer  : Tomcat initialized with port 8082 (http)
2025-02-10T11:23:26.606+05:00  INFO 7584 --- [main] o.apache.catalina.core.StandardService   : Starting service [Tomcat]
2025-02-10T11:23:26.606+05:00  INFO 7584 --- [main] o.apache.catalina.core.StandardEngine    : Starting Servlet engine: [Apache Tomcat/10.1.34]
2025-02-10T11:23:26.652+05:00  INFO 7584 --- [main] o.a.c.c.C.[Tomcat].[localhost].[/]       : Initializing Spring embedded WebApplicationContext
2025-02-10T11:23:26.653+05:00  INFO 7584 --- [main] w.s.c.ServletWebServerApplicationContext : Root WebApplicationContext: initialization completed in 1207 ms
2025-02-10T11:23:26.769+05:00  INFO 7584 --- [main] o.hibernate.jpa.internal.util.LogHelper  : HHH000204: Processing PersistenceUnitInfo [name: default]
2025-02-10T11:23:26.820+05:00  INFO 7584 --- [main] org.hibernate.Version                    : HHH000412: Hibernate ORM core version 6.6.5.Final
2025-02-10T11:23:26.852+05:00  INFO 7584 --- [main] o.h.c.internal.RegionFactoryInitiator    : HHH000026: Second-level cache disabled
2025-02-10T11:23:27.084+05:00  INFO 7584 --- [main] o.s.o.j.p.SpringPersistenceUnitInfo      : No LoadTimeWeaver setup: ignoring JPA class transformer
2025-02-10T11:23:27.107+05:00  INFO 7584 --- [main] com.zaxxer.hikari.HikariDataSource       : HikariPool-1 - Starting...
2025-02-10T11:23:27.207+05:00  INFO 7584 --- [main] com.zaxxer.hikari.pool.HikariPool        : HikariPool-1 - Added connection org.postgresql.jdbc.PgConnection@194037f9
2025-02-10T11:23:27.209+05:00  INFO 7584 --- [main] com.zaxxer.hikari.HikariDataSource       : HikariPool-1 - Start completed.
>>>>>>> 464fb11e5f6347317611898bb9588faa008751e7
2025-02-10T11:23:27.264+05:00  INFO 7584 --- [main] org.hibernate.orm.connections.pooling    : HHH10001005: Database info:
	Database JDBC URL [Connecting through datasource 'HikariDataSource (HikariPool-1)']
	Database driver: undefined/unknown
	Database version: 12.5
	Autocommit mode: undefined/unknown
	Isolation level: undefined/unknown
	Minimum pool size: undefined/unknown
<<<<<<< HEAD
	Maximum pool size: undefined/unknown
2025-02-10T11:23:28.123+05:00  INFO 7584 --- [main] o.h.e.t.j.p.i.JtaPlatformInitiator       : HHH000489: No JTA platform available (set 'hibernate.transaction.jta.platform' to enable JTA platform integration)
2025-02-10T11:23:28.191+05:00  WARN 7584 --- [main] o.h.engine.jdbc.spi.SqlExceptionHelper   : SQL Warning Code: 0, SQLState: 00000
2025-02-10T11:23:28.191+05:00  WARN 7584 --- [main] o.h.engine.jdbc.spi.SqlExceptionHelper   : ограничение "ukkvkg405mr04cjytv1tuyh7ryr" в таблице "district" не существует, пропускается
2025-02-10T11:23:28.194+05:00  WARN 7584 --- [main] o.h.engine.jdbc.spi.SqlExceptionHelper   : SQL Warning Code: 0, SQLState: 00000
2025-02-10T11:23:28.194+05:00  WARN 7584 --- [main] o.h.engine.jdbc.spi.SqlExceptionHelper   : ограничение "uka9jjk721g8e03vhvwrmb8qye" в таблице "district" не существует, пропускается
2025-02-10T11:23:28.196+05:00  WARN 7584 --- [main] o.h.engine.jdbc.spi.SqlExceptionHelper   : SQL Warning Code: 0, SQLState: 00000
2025-02-10T11:23:28.196+05:00  WARN 7584 --- [main] o.h.engine.jdbc.spi.SqlExceptionHelper   : ограничение "ukauyh4vy3an5v9paer08e6xfnx" в таблице "office" не существует, пропускается
2025-02-10T11:23:28.199+05:00  WARN 7584 --- [main] o.h.engine.jdbc.spi.SqlExceptionHelper   : SQL Warning Code: 0, SQLState: 00000
2025-02-10T11:23:28.199+05:00  WARN 7584 --- [main] o.h.engine.jdbc.spi.SqlExceptionHelper   : ограничение "ukixr2itih2n9q41fv3qx6mbkrp" в таблице "region" не существует, пропускается
2025-02-10T11:23:28.201+05:00  WARN 7584 --- [main] o.h.engine.jdbc.spi.SqlExceptionHelper   : SQL Warning Code: 0, SQLState: 00000
2025-02-10T11:23:28.201+05:00  WARN 7584 --- [main] o.h.engine.jdbc.spi.SqlExceptionHelper   : ограничение "ukcj4sa4loqa6awdhpgw59ctt8v" в таблице "region" не существует, пропускается
2025-02-10T11:23:28.204+05:00  WARN 7584 --- [main] o.h.engine.jdbc.spi.SqlExceptionHelper   : SQL Warning Code: 0, SQLState: 00000
2025-02-10T11:23:28.204+05:00  WARN 7584 --- [main] o.h.engine.jdbc.spi.SqlExceptionHelper   : ограничение "ukr43af9ap4edm43mmtq01oddj6" в таблице "users" не существует, пропускается
2025-02-10T11:23:28.216+05:00  INFO 7584 --- [main] j.LocalContainerEntityManagerFactoryBean : Initialized JPA EntityManagerFactory for persistence unit 'default'
2025-02-10T11:23:28.538+05:00  INFO 7584 --- [main] eAuthenticationProviderManagerConfigurer : Global AuthenticationManager configured with AuthenticationProvider bean with name authenticationProvider
2025-02-10T11:23:28.538+05:00  WARN 7584 --- [main] r$InitializeUserDetailsManagerConfigurer : Global AuthenticationManager configured with an AuthenticationProvider bean. UserDetailsService beans will not be used by Spring Security for automatically configuring username/password login. Consider removing the AuthenticationProvider bean. Alternatively, consider using the UserDetailsService in a manually instantiated DaoAuthenticationProvider. If the current configuration is intentional, to turn off this warning, increase the logging level of 'org.springframework.security.config.annotation.authentication.configuration.InitializeUserDetailsBeanManagerConfigurer' to ERROR
2025-02-10T11:23:28.608+05:00 DEBUG 7584 --- [main] u.t.e.security.JwtAuthenticationFilter   : Filter 'jwtAuthenticationFilter' configured for use
2025-02-10T11:23:29.066+05:00  INFO 7584 --- [main] o.s.v.b.OptionalValidatorFactoryBean     : Failed to set up a Bean Validation provider: jakarta.validation.NoProviderFoundException: Unable to create a Configuration, because no Jakarta Bean Validation provider could be found. Add a provider like Hibernate Validator (RI) to your classpath.
2025-02-10T11:23:29.323+05:00  INFO 7584 --- [main] o.s.b.w.embedded.tomcat.TomcatWebServer  : Tomcat started on port 8082 (http) with context path '/'
2025-02-10T11:23:29.329+05:00  INFO 7584 --- [main] u.t.ecosystem.EcosystemApplication       : Started EcosystemApplication in 4.29 seconds (process running for 4.882)
2025-02-10T11:38:46.042+05:00  INFO 7584 --- [SpringApplicationShutdownHook] o.s.b.w.e.tomcat.GracefulShutdown        : Commencing graceful shutdown. Waiting for active requests to complete
2025-02-10T11:38:46.046+05:00  INFO 7584 --- [tomcat-shutdown] o.s.b.w.e.tomcat.GracefulShutdown        : Graceful shutdown complete
2025-02-10T11:38:46.050+05:00  INFO 7584 --- [SpringApplicationShutdownHook] j.LocalContainerEntityManagerFactoryBean : Closing JPA EntityManagerFactory for persistence unit 'default'
2025-02-10T11:38:46.052+05:00  INFO 7584 --- [SpringApplicationShutdownHook] com.zaxxer.hikari.HikariDataSource       : HikariPool-1 - Shutdown initiated...
2025-02-10T11:38:46.060+05:00  INFO 7584 --- [SpringApplicationShutdownHook] com.zaxxer.hikari.HikariDataSource       : HikariPool-1 - Shutdown completed.
=======
	Maximum pool size: undefined/unknown
2025-02-10T11:23:28.123+05:00  INFO 7584 --- [main] o.h.e.t.j.p.i.JtaPlatformInitiator       : HHH000489: No JTA platform available (set 'hibernate.transaction.jta.platform' to enable JTA platform integration)
2025-02-10T11:23:28.191+05:00  WARN 7584 --- [main] o.h.engine.jdbc.spi.SqlExceptionHelper   : SQL Warning Code: 0, SQLState: 00000
2025-02-10T11:23:28.191+05:00  WARN 7584 --- [main] o.h.engine.jdbc.spi.SqlExceptionHelper   : ограничение "ukkvkg405mr04cjytv1tuyh7ryr" в таблице "district" не существует, пропускается
2025-02-10T11:23:28.194+05:00  WARN 7584 --- [main] o.h.engine.jdbc.spi.SqlExceptionHelper   : SQL Warning Code: 0, SQLState: 00000
2025-02-10T11:23:28.194+05:00  WARN 7584 --- [main] o.h.engine.jdbc.spi.SqlExceptionHelper   : ограничение "uka9jjk721g8e03vhvwrmb8qye" в таблице "district" не существует, пропускается
2025-02-10T11:23:28.196+05:00  WARN 7584 --- [main] o.h.engine.jdbc.spi.SqlExceptionHelper   : SQL Warning Code: 0, SQLState: 00000
2025-02-10T11:23:28.196+05:00  WARN 7584 --- [main] o.h.engine.jdbc.spi.SqlExceptionHelper   : ограничение "ukauyh4vy3an5v9paer08e6xfnx" в таблице "office" не существует, пропускается
2025-02-10T11:23:28.199+05:00  WARN 7584 --- [main] o.h.engine.jdbc.spi.SqlExceptionHelper   : SQL Warning Code: 0, SQLState: 00000
2025-02-10T11:23:28.199+05:00  WARN 7584 --- [main] o.h.engine.jdbc.spi.SqlExceptionHelper   : ограничение "ukixr2itih2n9q41fv3qx6mbkrp" в таблице "region" не существует, пропускается
2025-02-10T11:23:28.201+05:00  WARN 7584 --- [main] o.h.engine.jdbc.spi.SqlExceptionHelper   : SQL Warning Code: 0, SQLState: 00000
2025-02-10T11:23:28.201+05:00  WARN 7584 --- [main] o.h.engine.jdbc.spi.SqlExceptionHelper   : ограничение "ukcj4sa4loqa6awdhpgw59ctt8v" в таблице "region" не существует, пропускается
2025-02-10T11:23:28.204+05:00  WARN 7584 --- [main] o.h.engine.jdbc.spi.SqlExceptionHelper   : SQL Warning Code: 0, SQLState: 00000
2025-02-10T11:23:28.204+05:00  WARN 7584 --- [main] o.h.engine.jdbc.spi.SqlExceptionHelper   : ограничение "ukr43af9ap4edm43mmtq01oddj6" в таблице "users" не существует, пропускается
2025-02-10T11:23:28.216+05:00  INFO 7584 --- [main] j.LocalContainerEntityManagerFactoryBean : Initialized JPA EntityManagerFactory for persistence unit 'default'
2025-02-10T11:23:28.538+05:00  INFO 7584 --- [main] eAuthenticationProviderManagerConfigurer : Global AuthenticationManager configured with AuthenticationProvider bean with name authenticationProvider
2025-02-10T11:23:28.538+05:00  WARN 7584 --- [main] r$InitializeUserDetailsManagerConfigurer : Global AuthenticationManager configured with an AuthenticationProvider bean. UserDetailsService beans will not be used by Spring Security for automatically configuring username/password login. Consider removing the AuthenticationProvider bean. Alternatively, consider using the UserDetailsService in a manually instantiated DaoAuthenticationProvider. If the current configuration is intentional, to turn off this warning, increase the logging level of 'org.springframework.security.config.annotation.authentication.configuration.InitializeUserDetailsBeanManagerConfigurer' to ERROR
2025-02-10T11:23:28.608+05:00 DEBUG 7584 --- [main] u.t.e.security.JwtAuthenticationFilter   : Filter 'jwtAuthenticationFilter' configured for use
2025-02-10T11:23:29.066+05:00  INFO 7584 --- [main] o.s.v.b.OptionalValidatorFactoryBean     : Failed to set up a Bean Validation provider: jakarta.validation.NoProviderFoundException: Unable to create a Configuration, because no Jakarta Bean Validation provider could be found. Add a provider like Hibernate Validator (RI) to your classpath.
2025-02-10T11:23:29.323+05:00  INFO 7584 --- [main] o.s.b.w.embedded.tomcat.TomcatWebServer  : Tomcat started on port 8082 (http) with context path '/'
2025-02-10T11:23:29.329+05:00  INFO 7584 --- [main] u.t.ecosystem.EcosystemApplication       : Started EcosystemApplication in 4.29 seconds (process running for 4.882)
2025-02-10T11:38:46.042+05:00  INFO 7584 --- [SpringApplicationShutdownHook] o.s.b.w.e.tomcat.GracefulShutdown        : Commencing graceful shutdown. Waiting for active requests to complete
2025-02-10T11:38:46.046+05:00  INFO 7584 --- [tomcat-shutdown] o.s.b.w.e.tomcat.GracefulShutdown        : Graceful shutdown complete
2025-02-10T11:38:46.050+05:00  INFO 7584 --- [SpringApplicationShutdownHook] j.LocalContainerEntityManagerFactoryBean : Closing JPA EntityManagerFactory for persistence unit 'default'
2025-02-10T11:38:46.052+05:00  INFO 7584 --- [SpringApplicationShutdownHook] com.zaxxer.hikari.HikariDataSource       : HikariPool-1 - Shutdown initiated...
2025-02-10T11:38:46.060+05:00  INFO 7584 --- [SpringApplicationShutdownHook] com.zaxxer.hikari.HikariDataSource       : HikariPool-1 - Shutdown completed.
2025-02-10T11:38:49.227+05:00  INFO 7360 --- [main] u.t.ecosystem.EcosystemApplication       : Starting EcosystemApplication using Java 21.0.4 with PID 7360 (C:\Projects\Ecosystem\ecosystem\target\classes started by 1 in C:\Projects\Ecosystem\ecosystem)
2025-02-10T11:38:49.229+05:00 DEBUG 7360 --- [main] u.t.ecosystem.EcosystemApplication       : Running with Spring Boot v3.4.2, Spring v6.2.2
2025-02-10T11:38:49.229+05:00  INFO 7360 --- [main] u.t.ecosystem.EcosystemApplication       : The following 1 profile is active: "dev"
2025-02-10T11:38:49.911+05:00  INFO 7360 --- [main] .s.d.r.c.RepositoryConfigurationDelegate : Bootstrapping Spring Data JPA repositories in DEFAULT mode.
2025-02-10T11:38:49.977+05:00  INFO 7360 --- [main] .s.d.r.c.RepositoryConfigurationDelegate : Finished Spring Data repository scanning in 58 ms. Found 6 JPA repository interfaces.
2025-02-10T11:38:50.409+05:00  INFO 7360 --- [main] o.s.b.w.embedded.tomcat.TomcatWebServer  : Tomcat initialized with port 8082 (http)
2025-02-10T11:38:50.420+05:00  INFO 7360 --- [main] o.apache.catalina.core.StandardService   : Starting service [Tomcat]
2025-02-10T11:38:50.420+05:00  INFO 7360 --- [main] o.apache.catalina.core.StandardEngine    : Starting Servlet engine: [Apache Tomcat/10.1.34]
2025-02-10T11:38:50.466+05:00  INFO 7360 --- [main] o.a.c.c.C.[Tomcat].[localhost].[/]       : Initializing Spring embedded WebApplicationContext
2025-02-10T11:38:50.466+05:00  INFO 7360 --- [main] w.s.c.ServletWebServerApplicationContext : Root WebApplicationContext: initialization completed in 1201 ms
2025-02-10T11:38:50.566+05:00  INFO 7360 --- [main] o.hibernate.jpa.internal.util.LogHelper  : HHH000204: Processing PersistenceUnitInfo [name: default]
2025-02-10T11:38:50.625+05:00  INFO 7360 --- [main] org.hibernate.Version                    : HHH000412: Hibernate ORM core version 6.6.5.Final
2025-02-10T11:38:50.658+05:00  INFO 7360 --- [main] o.h.c.internal.RegionFactoryInitiator    : HHH000026: Second-level cache disabled
2025-02-10T11:38:50.894+05:00  INFO 7360 --- [main] o.s.o.j.p.SpringPersistenceUnitInfo      : No LoadTimeWeaver setup: ignoring JPA class transformer
2025-02-10T11:38:50.918+05:00  INFO 7360 --- [main] com.zaxxer.hikari.HikariDataSource       : HikariPool-1 - Starting...
2025-02-10T11:38:51.016+05:00  INFO 7360 --- [main] com.zaxxer.hikari.pool.HikariPool        : HikariPool-1 - Added connection org.postgresql.jdbc.PgConnection@67f591c2
2025-02-10T11:38:51.017+05:00  INFO 7360 --- [main] com.zaxxer.hikari.HikariDataSource       : HikariPool-1 - Start completed.
2025-02-10T11:38:51.071+05:00  INFO 7360 --- [main] org.hibernate.orm.connections.pooling    : HHH10001005: Database info:
	Database JDBC URL [Connecting through datasource 'HikariDataSource (HikariPool-1)']
	Database driver: undefined/unknown
	Database version: 12.5
	Autocommit mode: undefined/unknown
	Isolation level: undefined/unknown
	Minimum pool size: undefined/unknown
	Maximum pool size: undefined/unknown
2025-02-10T11:38:51.936+05:00  INFO 7360 --- [main] o.h.e.t.j.p.i.JtaPlatformInitiator       : HHH000489: No JTA platform available (set 'hibernate.transaction.jta.platform' to enable JTA platform integration)
2025-02-10T11:38:52.445+05:00  INFO 7360 --- [main] j.LocalContainerEntityManagerFactoryBean : Initialized JPA EntityManagerFactory for persistence unit 'default'
2025-02-10T11:38:52.732+05:00  INFO 7360 --- [main] eAuthenticationProviderManagerConfigurer : Global AuthenticationManager configured with AuthenticationProvider bean with name authenticationProvider
2025-02-10T11:38:52.733+05:00  WARN 7360 --- [main] r$InitializeUserDetailsManagerConfigurer : Global AuthenticationManager configured with an AuthenticationProvider bean. UserDetailsService beans will not be used by Spring Security for automatically configuring username/password login. Consider removing the AuthenticationProvider bean. Alternatively, consider using the UserDetailsService in a manually instantiated DaoAuthenticationProvider. If the current configuration is intentional, to turn off this warning, increase the logging level of 'org.springframework.security.config.annotation.authentication.configuration.InitializeUserDetailsBeanManagerConfigurer' to ERROR
2025-02-10T11:38:52.798+05:00 DEBUG 7360 --- [main] u.t.e.security.JwtAuthenticationFilter   : Filter 'jwtAuthenticationFilter' configured for use
2025-02-10T11:38:53.257+05:00  INFO 7360 --- [main] o.s.v.b.OptionalValidatorFactoryBean     : Failed to set up a Bean Validation provider: jakarta.validation.NoProviderFoundException: Unable to create a Configuration, because no Jakarta Bean Validation provider could be found. Add a provider like Hibernate Validator (RI) to your classpath.
2025-02-10T11:38:53.531+05:00  INFO 7360 --- [main] o.s.b.w.embedded.tomcat.TomcatWebServer  : Tomcat started on port 8082 (http) with context path '/'
2025-02-10T11:38:53.538+05:00  INFO 7360 --- [main] u.t.ecosystem.EcosystemApplication       : Started EcosystemApplication in 4.685 seconds (process running for 5.217)
2025-02-10T18:17:39.354+05:00  INFO 7360 --- [SpringApplicationShutdownHook] o.s.b.w.e.tomcat.GracefulShutdown        : Commencing graceful shutdown. Waiting for active requests to complete
2025-02-10T18:17:39.363+05:00  INFO 7360 --- [tomcat-shutdown] o.s.b.w.e.tomcat.GracefulShutdown        : Graceful shutdown complete
2025-02-10T18:17:39.374+05:00  INFO 7360 --- [SpringApplicationShutdownHook] j.LocalContainerEntityManagerFactoryBean : Closing JPA EntityManagerFactory for persistence unit 'default'
2025-02-10T18:17:39.383+05:00  INFO 7360 --- [SpringApplicationShutdownHook] com.zaxxer.hikari.HikariDataSource       : HikariPool-1 - Shutdown initiated...
2025-02-10T18:17:39.386+05:00  INFO 7360 --- [SpringApplicationShutdownHook] com.zaxxer.hikari.HikariDataSource       : HikariPool-1 - Shutdown completed.
>>>>>>> 464fb11e5f6347317611898bb9588faa008751e7
